<?xml version="1.0" encoding="UTF-8"?>
<robot generator="Robot 3.1 (Python 3.5.2 on linux)" rpa="false" generated="20190107 18:22:18.638">
<suite source="/home/akanksha/PycharmProjects/New_robot_framework_project/Test/Testcases/my_first_robot_script.robot" id="s1" name="My First Robot Script">
<test id="s1-t1" name="TestCase1:Verfiy_home_page_title">
<kw name="Open facebook website in Chrome and maximize the window" library="base">
<kw name="Open Browser" library="Selenium2Library">
<doc>Opens a new browser instance to the given ``url``.</doc>
<arguments>
<arg>url=${URL}</arg>
<arg>browser=chrome</arg>
</arguments>
<msg level="INFO" timestamp="20190107 18:22:18.911">Opening browser 'chrome' to base url 'https://www.facebook.com/'.</msg>
<status endtime="20190107 18:22:26.820" status="PASS" starttime="20190107 18:22:18.910"></status>
</kw>
<kw name="Maximize Browser Window" library="Selenium2Library">
<doc>Maximizes current browser window.</doc>
<status endtime="20190107 18:22:26.949" status="PASS" starttime="20190107 18:22:26.822"></status>
</kw>
<kw name="Log To Console" library="BuiltIn">
<doc>Logs the given message to the console.</doc>
<arguments>
<arg>Browser is Maximized</arg>
</arguments>
<status endtime="20190107 18:22:26.950" status="PASS" starttime="20190107 18:22:26.950"></status>
</kw>
<status endtime="20190107 18:22:26.952" status="PASS" starttime="20190107 18:22:18.909"></status>
</kw>
<kw name="Verify the Home page title" library="base">
<kw name="Get Title" library="Selenium2Library">
<doc>Returns the title of current page.</doc>
<assign>
<var>${WindowTitle}</var>
</assign>
<msg level="INFO" timestamp="20190107 18:22:26.967">${WindowTitle} = Facebook – log in or sign up</msg>
<status endtime="20190107 18:22:26.967" status="PASS" starttime="20190107 18:22:26.953"></status>
</kw>
<kw name="Should Be Equal" library="BuiltIn">
<doc>Fails if the given objects are unequal.</doc>
<arguments>
<arg>${WindowTitle}</arg>
<arg>${title}</arg>
</arguments>
<status endtime="20190107 18:22:26.968" status="PASS" starttime="20190107 18:22:26.968"></status>
</kw>
<kw name="Log To Console" library="BuiltIn">
<doc>Logs the given message to the console.</doc>
<arguments>
<arg>Navigated to :${WindowTitle}</arg>
</arguments>
<status endtime="20190107 18:22:26.969" status="PASS" starttime="20190107 18:22:26.969"></status>
</kw>
<status endtime="20190107 18:22:26.969" status="PASS" starttime="20190107 18:22:26.952"></status>
</kw>
<kw name="Close Browser" type="teardown" library="Selenium2Library">
<doc>Closes the current browser.</doc>
<status endtime="20190107 18:22:27.097" status="PASS" starttime="20190107 18:22:26.970"></status>
</kw>
<doc>This this is to verify the homepage title</doc>
<tags>
<tag>Regression</tag>
</tags>
<status endtime="20190107 18:22:27.097" status="PASS" starttime="20190107 18:22:18.908" critical="yes"></status>
</test>
<test id="s1-t2" name="TestCase2:Login_with_invalid_credentials">
<kw name="Open facebook website in Chrome and maximize the window" library="base">
<kw name="Open Browser" library="Selenium2Library">
<doc>Opens a new browser instance to the given ``url``.</doc>
<arguments>
<arg>url=${URL}</arg>
<arg>browser=chrome</arg>
</arguments>
<msg level="INFO" timestamp="20190107 18:22:27.104">Opening browser 'chrome' to base url 'https://www.facebook.com/'.</msg>
<status endtime="20190107 18:22:34.538" status="PASS" starttime="20190107 18:22:27.103"></status>
</kw>
<kw name="Maximize Browser Window" library="Selenium2Library">
<doc>Maximizes current browser window.</doc>
<status endtime="20190107 18:22:34.648" status="PASS" starttime="20190107 18:22:34.539"></status>
</kw>
<kw name="Log To Console" library="BuiltIn">
<doc>Logs the given message to the console.</doc>
<arguments>
<arg>Browser is Maximized</arg>
</arguments>
<status endtime="20190107 18:22:34.649" status="PASS" starttime="20190107 18:22:34.648"></status>
</kw>
<status endtime="20190107 18:22:34.649" status="PASS" starttime="20190107 18:22:27.102"></status>
</kw>
<kw name="Enter Invalid Username" library="base">
<kw name="Input Text" library="Selenium2Library">
<doc>Types the given ``text`` into text field identified by ``locator``.</doc>
<arguments>
<arg>xpath=${username}</arg>
<arg>${Invalidusername}</arg>
</arguments>
<msg level="INFO" timestamp="20190107 18:22:34.652">Typing text 'ruhi461' into text field 'xpath=//*[@id="email"]'.</msg>
<status endtime="20190107 18:22:34.866" status="PASS" starttime="20190107 18:22:34.651"></status>
</kw>
<kw name="Log To Console" library="BuiltIn">
<doc>Logs the given message to the console.</doc>
<arguments>
<arg>Entered wrong username</arg>
</arguments>
<status endtime="20190107 18:22:34.867" status="PASS" starttime="20190107 18:22:34.867"></status>
</kw>
<status endtime="20190107 18:22:34.867" status="PASS" starttime="20190107 18:22:34.650"></status>
</kw>
<kw name="Enter Invalid Password" library="base">
<kw name="Input Text" library="Selenium2Library">
<doc>Types the given ``text`` into text field identified by ``locator``.</doc>
<arguments>
<arg>xpath=${password}</arg>
<arg>${Invalidpassword}</arg>
</arguments>
<msg level="INFO" timestamp="20190107 18:22:34.869">Typing text '12345678' into text field 'xpath=//*[@id="pass"]'.</msg>
<status endtime="20190107 18:22:35.128" status="PASS" starttime="20190107 18:22:34.868"></status>
</kw>
<kw name="Log To Console" library="BuiltIn">
<doc>Logs the given message to the console.</doc>
<arguments>
<arg>Entered wrong password</arg>
</arguments>
<status endtime="20190107 18:22:35.129" status="PASS" starttime="20190107 18:22:35.129"></status>
</kw>
<status endtime="20190107 18:22:35.129" status="PASS" starttime="20190107 18:22:34.868"></status>
</kw>
<kw name="Sleep" library="BuiltIn">
<doc>Pauses the test executed for the given time.</doc>
<arguments>
<arg>${timeout}</arg>
</arguments>
<msg level="INFO" timestamp="20190107 18:22:38.130">Slept 3 seconds</msg>
<status endtime="20190107 18:22:38.131" status="PASS" starttime="20190107 18:22:35.130"></status>
</kw>
<kw name="Click on Submit" library="base">
<kw name="Click Element" library="Selenium2Library">
<doc>Click element identified by ``locator``.</doc>
<arguments>
<arg>xpath=${Submit}</arg>
</arguments>
<msg level="INFO" timestamp="20190107 18:22:38.133">Clicking element 'xpath=//*[@id="u_0_2"]'.</msg>
<status endtime="20190107 18:22:39.931" status="PASS" starttime="20190107 18:22:38.133"></status>
</kw>
<status endtime="20190107 18:22:39.932" status="PASS" starttime="20190107 18:22:38.132"></status>
</kw>
<kw name="Sleep" library="BuiltIn">
<doc>Pauses the test executed for the given time.</doc>
<arguments>
<arg>${timeout}</arg>
</arguments>
<msg level="INFO" timestamp="20190107 18:22:42.934">Slept 3 seconds</msg>
<status endtime="20190107 18:22:42.934" status="PASS" starttime="20190107 18:22:39.933"></status>
</kw>
<kw name="Close Browser" type="teardown" library="Selenium2Library">
<doc>Closes the current browser.</doc>
<status endtime="20190107 18:22:43.006" status="PASS" starttime="20190107 18:22:42.935"></status>
</kw>
<doc>This is verify invalid credentials</doc>
<tags>
<tag>Regression</tag>
</tags>
<status endtime="20190107 18:22:43.006" status="PASS" starttime="20190107 18:22:27.100" critical="yes"></status>
</test>
<test id="s1-t3" name="TestCase3:Login_with_valid_credentials">
<kw name="Open facebook website in Chrome and maximize the window" library="base">
<kw name="Open Browser" library="Selenium2Library">
<doc>Opens a new browser instance to the given ``url``.</doc>
<arguments>
<arg>url=${URL}</arg>
<arg>browser=chrome</arg>
</arguments>
<msg level="INFO" timestamp="20190107 18:22:43.009">Opening browser 'chrome' to base url 'https://www.facebook.com/'.</msg>
<status endtime="20190107 18:22:50.697" status="PASS" starttime="20190107 18:22:43.009"></status>
</kw>
<kw name="Maximize Browser Window" library="Selenium2Library">
<doc>Maximizes current browser window.</doc>
<status endtime="20190107 18:22:50.877" status="PASS" starttime="20190107 18:22:50.697"></status>
</kw>
<kw name="Log To Console" library="BuiltIn">
<doc>Logs the given message to the console.</doc>
<arguments>
<arg>Browser is Maximized</arg>
</arguments>
<status endtime="20190107 18:22:50.878" status="PASS" starttime="20190107 18:22:50.878"></status>
</kw>
<status endtime="20190107 18:22:50.879" status="PASS" starttime="20190107 18:22:43.008"></status>
</kw>
<kw name="Enter valid Username" library="base">
<kw name="Input Text" library="Selenium2Library">
<doc>Types the given ``text`` into text field identified by ``locator``.</doc>
<arguments>
<arg>xpath=${username}</arg>
<arg>${validusername}</arg>
</arguments>
<msg level="INFO" timestamp="20190107 18:22:50.881">Typing text 'ruhi461@gmail.com' into text field 'xpath=//*[@id="email"]'.</msg>
<status endtime="20190107 18:22:51.315" status="PASS" starttime="20190107 18:22:50.880"></status>
</kw>
<kw name="Log To Console" library="BuiltIn">
<doc>Logs the given message to the console.</doc>
<arguments>
<arg>Entered wrong username</arg>
</arguments>
<status endtime="20190107 18:22:51.316" status="PASS" starttime="20190107 18:22:51.316"></status>
</kw>
<status endtime="20190107 18:22:51.317" status="PASS" starttime="20190107 18:22:50.879"></status>
</kw>
<kw name="Enter valid Password" library="base">
<kw name="Input Text" library="Selenium2Library">
<doc>Types the given ``text`` into text field identified by ``locator``.</doc>
<arguments>
<arg>xpath=${password}</arg>
<arg>${validpassword}</arg>
</arguments>
<msg level="INFO" timestamp="20190107 18:22:51.323">Typing text 'akankshaverma46' into text field 'xpath=//*[@id="pass"]'.</msg>
<status endtime="20190107 18:22:51.617" status="PASS" starttime="20190107 18:22:51.318"></status>
</kw>
<kw name="Log To Console" library="BuiltIn">
<doc>Logs the given message to the console.</doc>
<arguments>
<arg>Entered wrong password</arg>
</arguments>
<status endtime="20190107 18:22:51.618" status="PASS" starttime="20190107 18:22:51.617"></status>
</kw>
<status endtime="20190107 18:22:51.618" status="PASS" starttime="20190107 18:22:51.317"></status>
</kw>
<kw name="Sleep" library="BuiltIn">
<doc>Pauses the test executed for the given time.</doc>
<arguments>
<arg>${timeout}</arg>
</arguments>
<msg level="INFO" timestamp="20190107 18:22:54.619">Slept 3 seconds</msg>
<status endtime="20190107 18:22:54.619" status="PASS" starttime="20190107 18:22:51.618"></status>
</kw>
<kw name="Click on Submit" library="base">
<kw name="Click Element" library="Selenium2Library">
<doc>Click element identified by ``locator``.</doc>
<arguments>
<arg>xpath=${Submit}</arg>
</arguments>
<msg level="INFO" timestamp="20190107 18:22:54.623">Clicking element 'xpath=//*[@id="u_0_2"]'.</msg>
<status endtime="20190107 18:23:05.054" status="PASS" starttime="20190107 18:22:54.621"></status>
</kw>
<status endtime="20190107 18:23:05.055" status="PASS" starttime="20190107 18:22:54.620"></status>
</kw>
<kw name="Sleep" library="BuiltIn">
<doc>Pauses the test executed for the given time.</doc>
<arguments>
<arg>${timeout}</arg>
</arguments>
<msg level="INFO" timestamp="20190107 18:23:08.057">Slept 3 seconds</msg>
<status endtime="20190107 18:23:08.057" status="PASS" starttime="20190107 18:23:05.055"></status>
</kw>
<kw name="Close Browser" type="teardown" library="Selenium2Library">
<doc>Closes the current browser.</doc>
<status endtime="20190107 18:23:08.157" status="PASS" starttime="20190107 18:23:08.058"></status>
</kw>
<doc>This is verify valid credentials</doc>
<tags>
<tag>smoke</tag>
</tags>
<status endtime="20190107 18:23:08.157" status="PASS" starttime="20190107 18:22:43.007" critical="yes"></status>
</test>
<doc>Testing Facebook Login</doc>
<status endtime="20190107 18:23:08.159" status="PASS" starttime="20190107 18:22:18.640"></status>
</suite>
<statistics>
<total>
<stat fail="0" pass="3">Critical Tests</stat>
<stat fail="0" pass="3">All Tests</stat>
</total>
<tag>
<stat fail="0" pass="2">Regression</stat>
<stat fail="0" pass="1">smoke</stat>
</tag>
<suite>
<stat fail="0" id="s1" name="My First Robot Script" pass="3">My First Robot Script</stat>
</suite>
</statistics>
<errors>
</errors>
</robot>
